<?xml version="1.0" encoding="UTF-8"?>
<!-- Generated by org.testng.reporters.JUnitXMLReporter -->
<testsuite ignored="0" hostname="Abshaalom" failures="0" tests="4" name="Default test" time="58.572" errors="0" timestamp="2024-11-05T22:54:32 IST">
  <testcase classname="testpkg.CuraHealthTestClass" name="testLogin" time="14.908"/>
  <testcase classname="testpkg.CuraHealthTestClass" name="testSubmitValues" time="34.365"/>
  <testcase classname="testpkg.CuraHealthTestClass" name="testconfirm" time="0.02"/>
  <testcase classname="testpkg.CuraHealthTestClass" name="testwindowhandle" time="6.258"/>
</testsuite> <!-- Default test -->
