<?xml version="1.0" encoding="UTF-8"?>
<testng-results ignored="0" total="4" passed="4" failed="0" skipped="0">
  <reporter-output>
  </reporter-output>
  <suite started-at="2024-11-05T22:53:33 IST" name="Default suite" finished-at="2024-11-05T22:54:32 IST" duration-ms="58572">
    <groups>
    </groups>
    <test started-at="2024-11-05T22:53:33 IST" name="Default test" finished-at="2024-11-05T22:54:32 IST" duration-ms="58572">
      <class name="testpkg.CuraHealthTestClass">
        <test-method is-config="true" signature="setup()[pri:0, instance:testpkg.CuraHealthTestClass@78e4deb0]" started-at="2024-11-05T22:53:33 IST" name="setup" finished-at="2024-11-05T22:53:36 IST" duration-ms="2984" status="PASS">
          <reporter-output>
          </reporter-output>
        </test-method> <!-- setup -->
        <test-method signature="testLogin()[pri:0, instance:testpkg.CuraHealthTestClass@78e4deb0]" started-at="2024-11-05T22:53:36 IST" name="testLogin" finished-at="2024-11-05T22:53:51 IST" duration-ms="14908" status="PASS">
          <reporter-output>
          </reporter-output>
        </test-method> <!-- testLogin -->
        <test-method signature="testSubmitValues()[pri:0, instance:testpkg.CuraHealthTestClass@78e4deb0]" started-at="2024-11-05T22:53:51 IST" name="testSubmitValues" finished-at="2024-11-05T22:54:25 IST" duration-ms="34365" status="PASS">
          <reporter-output>
          </reporter-output>
        </test-method> <!-- testSubmitValues -->
        <test-method signature="testconfirm()[pri:0, instance:testpkg.CuraHealthTestClass@78e4deb0]" started-at="2024-11-05T22:54:25 IST" name="testconfirm" finished-at="2024-11-05T22:54:25 IST" duration-ms="20" status="PASS">
          <reporter-output>
          </reporter-output>
        </test-method> <!-- testconfirm -->
        <test-method signature="testwindowhandle()[pri:0, instance:testpkg.CuraHealthTestClass@78e4deb0]" started-at="2024-11-05T22:54:25 IST" name="testwindowhandle" finished-at="2024-11-05T22:54:32 IST" duration-ms="6258" status="PASS">
          <reporter-output>
          </reporter-output>
        </test-method> <!-- testwindowhandle -->
      </class> <!-- testpkg.CuraHealthTestClass -->
    </test> <!-- Default test -->
  </suite> <!-- Default suite -->
</testng-results>
